<?xml version="1.0" encoding="UTF-8"?>
<robot generator="Robot 3.1.2 (Python 3.8.2 on win32)" generated="20200307 15:04:53.640" rpa="false">
<suite id="s1" name="Test" source="c:\qaninja\robot\test.robot">
<test id="s1-t1" name="Deve retornar mensagem de Boas Vindas">
<kw name="Welcome" library="app">
<arguments>
<arg>Patricia</arg>
</arguments>
<assign>
<var>${result}</var>
</assign>
<msg timestamp="20200307 15:04:53.671" level="INFO">${result} = Olá Patricia, Bem Vinda ao Curso Básico de Robot Framework!</msg>
<status status="PASS" starttime="20200307 15:04:53.671" endtime="20200307 15:04:53.671"></status>
</kw>
<kw name="Should Be Equal" library="BuiltIn">
<doc>Fails if the given objects are unequal.</doc>
<arguments>
<arg>${result}</arg>
<arg>Olá Patricia, Bem Vinda ao Curso Básico de Robot Framework!</arg>
</arguments>
<status status="PASS" starttime="20200307 15:04:53.671" endtime="20200307 15:04:53.671"></status>
</kw>
<status status="PASS" starttime="20200307 15:04:53.671" endtime="20200307 15:04:53.671" critical="yes"></status>
</test>
<status status="PASS" starttime="20200307 15:04:53.656" endtime="20200307 15:04:53.671"></status>
</suite>
<statistics>
<total>
<stat pass="1" fail="0">Critical Tests</stat>
<stat pass="1" fail="0">All Tests</stat>
</total>
<tag>
</tag>
<suite>
<stat pass="1" fail="0" id="s1" name="Test">Test</stat>
</suite>
</statistics>
<errors>
</errors>
</robot>
